Unity Editor version:    2022.3.18f1 (d29bea25151d)
Branch:                  2022.3/release
Build type:              Release
Batch mode:              YES
System name:             Linux
Distro version:          #29~22.04.1-Ubuntu SMP PREEMPT_DYNAMIC Thu Apr  4 14:39:20 UTC 2
Kernel version:          6.5.0-28-generic
Architecture:            x86_64
Available memory:        7490 MB
Using pre-set license
Pro License: YES
Desktop is 1920 x 1080 @ 60 Hz
Initialize udev device monitor.

COMMAND LINE ARGUMENTS:
Unity
-adb2
-batchMode
-noUpm
-name
AssetImportWorker0
-projectPath
/home/juanmi/Bon Gamin/Uni 2024/Pro/Gwent-Project-2D
-logFile
Logs/AssetImportWorker0.log
-srvPort
46047
Successfully changed project path to: /home/juanmi/Bon Gamin/Uni 2024/Pro/Gwent-Project-2D
/home/juanmi/Bon Gamin/Uni 2024/Pro/Gwent-Project-2D
[UnityMemory] Configuration Parameters - Can be set up in boot.config
    "memorysetup-bucket-allocator-granularity=16"
    "memorysetup-bucket-allocator-bucket-count=8"
    "memorysetup-bucket-allocator-block-size=33554432"
    "memorysetup-bucket-allocator-block-count=8"
    "memorysetup-main-allocator-block-size=16777216"
    "memorysetup-thread-allocator-block-size=16777216"
    "memorysetup-gfx-main-allocator-block-size=16777216"
    "memorysetup-gfx-thread-allocator-block-size=16777216"
    "memorysetup-cache-allocator-block-size=4194304"
    "memorysetup-typetree-allocator-block-size=2097152"
    "memorysetup-profiler-bucket-allocator-granularity=16"
    "memorysetup-profiler-bucket-allocator-bucket-count=8"
    "memorysetup-profiler-bucket-allocator-block-size=33554432"
    "memorysetup-profiler-bucket-allocator-block-count=8"
    "memorysetup-profiler-allocator-block-size=16777216"
    "memorysetup-profiler-editor-allocator-block-size=1048576"
    "memorysetup-temp-allocator-size-main=16777216"
    "memorysetup-job-temp-allocator-block-size=2097152"
    "memorysetup-job-temp-allocator-block-size-background=1048576"
    "memorysetup-job-temp-allocator-reduction-small-platforms=262144"
    "memorysetup-allocator-temp-initial-block-size-main=262144"
    "memorysetup-allocator-temp-initial-block-size-worker=262144"
    "memorysetup-temp-allocator-size-background-worker=32768"
    "memorysetup-temp-allocator-size-job-worker=262144"
    "memorysetup-temp-allocator-size-preload-manager=33554432"
    "memorysetup-temp-allocator-size-nav-mesh-worker=65536"
    "memorysetup-temp-allocator-size-audio-worker=65536"
    "memorysetup-temp-allocator-size-cloud-worker=32768"
    "memorysetup-temp-allocator-size-gi-baking-worker=262144"
    "memorysetup-temp-allocator-size-gfx=262144"
GetLocalIP: Error during connect: La red es inaccesible
Player connection [133122761692096] Host "[IP] 0.0.0.0 [Port] 0 [Flags] 2 [Guid] 3898162035 [EditorId] 3898162035 [Version] 1048832 [Id] LinuxEditor(16,0.0.0.0) [Debug] 1 [PackageName] LinuxEditor [ProjectName] Editor" joined multi-casting on [225.0.0.222:54997]...

Player connection [133122761692096] Host "[IP] 0.0.0.0 [Port] 0 [Flags] 2 [Guid] 3898162035 [EditorId] 3898162035 [Version] 1048832 [Id] LinuxEditor(16,0.0.0.0) [Debug] 1 [PackageName] LinuxEditor [ProjectName] Editor" joined alternative multi-casting on [225.0.0.222:34997]...

[Physics::Module] Initialized MultithreadedJobDispatcher with 3 workers.
Refreshing native plugins compatible for Editor in 5,94 ms, found 0 plugins.
Preloading 0 native plugins for Editor in 0,00 ms.
Initialize engine version: 2022.3.18f1 (d29bea25151d)
[Subsystems] Discovering subsystems at path /home/juanmi/Unity/Hub/Editor/2022.3.18f1/Editor/Data/Resources/UnitySubsystems
[Subsystems] Discovering subsystems at path /home/juanmi/Bon Gamin/Uni 2024/Pro/Gwent-Project-2D/Assets
GLX Extensions: GLX_ARB_context_flush_control GLX_ARB_create_context GLX_ARB_create_context_no_error GLX_ARB_create_context_profile GLX_ARB_create_context_robustness GLX_ARB_fbconfig_float GLX_ARB_framebuffer_sRGB GLX_ARB_get_proc_address GLX_ARB_multisample GLX_EXT_buffer_age GLX_EXT_create_context_es2_profile GLX_EXT_create_context_es_profile GLX_EXT_fbconfig_packed_float GLX_EXT_framebuffer_sRGB GLX_EXT_no_config_context GLX_EXT_swap_control GLX_EXT_swap_control_tear GLX_EXT_texture_from_pixmap GLX_EXT_visual_info GLX_EXT_visual_rating GLX_MESA_copy_sub_buffer GLX_MESA_query_renderer GLX_MESA_swap_control GLX_OML_swap_method GLX_OML_sync_control GLX_SGIS_multisample GLX_SGIX_fbconfig GLX_SGIX_pbuffer GLX_SGIX_visual_select_group GLX_SGI_make_current_read GLX_SGI_video_sync 
Renderer: Mesa Intel(R) UHD Graphics (ICL GT1)
Vendor:   Intel
Version:  4.6 (Core Profile) Mesa 23.0.4-0ubuntu1~22.04.1
GLES:     0
 GL_3DFX_texture_compression_FXT1 GL_AMD_conservative_depth GL_AMD_depth_clamp_separate GL_AMD_draw_buffers_blend GL_AMD_gpu_shader_int64 GL_AMD_multi_draw_indirect GL_AMD_performance_monitor GL_AMD_pinned_memory GL_AMD_query_buffer_object GL_AMD_seamless_cubemap_per_texture GL_AMD_shader_stencil_export GL_AMD_shader_trinary_minmax GL_AMD_texture_texture4 GL_AMD_vertex_shader_layer GL_AMD_vertex_shader_viewport_index GL_ANGLE_texture_compression_dxt3 GL_ANGLE_texture_compression_dxt5 GL_ARB_ES2_compatibility GL_ARB_ES3_1_compatibility GL_ARB_ES3_2_compatibility GL_ARB_ES3_compatibility GL_ARB_arrays_of_arrays GL_ARB_base_instance GL_ARB_blend_func_extended GL_ARB_buffer_storage GL_ARB_clear_buffer_object GL_ARB_clear_texture GL_ARB_clip_control GL_ARB_compressed_texture_pixel_storage GL_ARB_compute_shader GL_ARB_compute_variable_group_size GL_ARB_conditional_render_inverted GL_ARB_conservative_depth GL_ARB_copy_buffer GL_ARB_copy_image GL_ARB_cull_distance GL_ARB_debug_output GL_ARB_depth_buffer_float GL_ARB
_depth_clamp GL_ARB_derivative_control GL_ARB_direct_state_access GL_ARB_draw_buffers GL_ARB_draw_buffers_blend GL_ARB_draw_elements_base_vertex GL_ARB_draw_indirect GL_ARB_draw_instanced GL_ARB_enhanced_layouts GL_ARB_explicit_attrib_location GL_ARB_explicit_uniform_location GL_ARB_fragment_coord_conventions GL_ARB_fragment_layer_viewport GL_ARB_fragment_shader GL_ARB_fragment_shader_interlock GL_ARB_framebuffer_no_attachments GL_ARB_framebuffer_object GL_ARB_framebuffer_sRGB GL_ARB_get_program_binary GL_ARB_get_texture_sub_image GL_ARB_gl_spirv GL_ARB_gpu_shader5 GL_ARB_gpu_shader_fp64 GL_ARB_gpu_shader_int64 GL_ARB_half_float_pixel GL_ARB_half_float_vertex GL_ARB_indirect_parameters GL_ARB_instanced_arrays GL_ARB_internalformat_query GL_ARB_internalformat_query2 GL_ARB_invalidate_subdata GL_ARB_map_buffer_alignment GL_ARB_map_buffer_range GL_ARB_multi_bind GL_ARB_multi_draw_indirect GL_ARB_occlusion_query2 GL_ARB_parallel_shader_compile GL_ARB_pipeline_statistics_query GL_ARB_pixel_buffer_object GL_ARB_po
int_sprite GL_ARB_polygon_offset_clamp GL_ARB_post_depth_coverage GL_ARB_program_interface_query GL_ARB_provoking_vertex GL_ARB_query_buffer_object GL_ARB_robust_buffer_access_behavior GL_ARB_robustness GL_ARB_sample_shading GL_ARB_sampler_objects GL_ARB_seamless_cube_map GL_ARB_seamless_cubemap_per_texture GL_ARB_separate_shader_objects GL_ARB_shader_atomic_counter_ops GL_ARB_shader_atomic_counters GL_ARB_shader_ballot GL_ARB_shader_bit_encoding GL_ARB_shader_clock GL_ARB_shader_draw_parameters GL_ARB_shader_group_vote GL_ARB_shader_image_load_store GL_ARB_shader_image_size GL_ARB_shader_objects GL_ARB_shader_precision GL_ARB_shader_stencil_export GL_ARB_shader_storage_buffer_object GL_ARB_shader_subroutine GL_ARB_shader_texture_image_samples GL_ARB_shader_texture_lod GL_ARB_shader_viewport_layer_array GL_ARB_shading_language_420pack GL_ARB_shading_language_include GL_ARB_shading_language_packing GL_ARB_spirv_extensions GL_ARB_stencil_texturing GL_ARB_sync GL_ARB_tessellation_shader GL_ARB_texture_barrier G
L_ARB_texture_buffer_object GL_ARB_texture_buffer_object_rgb32 GL_ARB_texture_buffer_range GL_ARB_texture_compression_bptc GL_ARB_texture_compression_rgtc GL_ARB_texture_cube_map_array GL_ARB_texture_filter_anisotropic GL_ARB_texture_float GL_ARB_texture_gather GL_ARB_texture_mirror_clamp_to_edge GL_ARB_texture_multisample GL_ARB_texture_non_power_of_two GL_ARB_texture_query_levels GL_ARB_texture_query_lod GL_ARB_texture_rectangle GL_ARB_texture_rg GL_ARB_texture_rgb10_a2ui GL_ARB_texture_stencil8 GL_ARB_texture_storage GL_ARB_texture_storage_multisample GL_ARB_texture_swizzle GL_ARB_texture_view GL_ARB_timer_query GL_ARB_transform_feedback2 GL_ARB_transform_feedback3 GL_ARB_transform_feedback_instanced GL_ARB_transform_feedback_overflow_query GL_ARB_uniform_buffer_object GL_ARB_vertex_array_bgra GL_ARB_vertex_array_object GL_ARB_vertex_attrib_64bit GL_ARB_vertex_attrib_binding GL_ARB_vertex_buffer_object GL_ARB_vertex_shader GL_ARB_vertex_type_10f_11f_11f_rev GL_ARB_vertex_type_2_10_10_10_rev GL_ARB_viewpor
t_array GL_ATI_blend_equation_separate GL_ATI_texture_float GL_EXT_EGL_image_storage GL_EXT_EGL_sync GL_EXT_abgr GL_EXT_blend_equation_separate GL_EXT_debug_label GL_EXT_demote_to_helper_invocation GL_EXT_draw_buffers2 GL_EXT_draw_instanced GL_EXT_framebuffer_blit GL_EXT_framebuffer_multisample GL_EXT_framebuffer_multisample_blit_scaled GL_EXT_framebuffer_object GL_EXT_framebuffer_sRGB GL_EXT_memory_object GL_EXT_memory_object_fd GL_EXT_packed_depth_stencil GL_EXT_packed_float GL_EXT_pixel_buffer_object GL_EXT_polygon_offset_clamp GL_EXT_provoking_vertex GL_EXT_semaphore GL_EXT_semaphore_fd GL_EXT_shader_framebuffer_fetch GL_EXT_shader_framebuffer_fetch_non_coherent GL_EXT_shader_integer_mix GL_EXT_shader_samples_identical GL_EXT_texture_array GL_EXT_texture_compression_dxt1 GL_EXT_texture_compression_rgtc GL_EXT_texture_compression_s3tc GL_EXT_texture_filter_anisotropic GL_EXT_texture_integer GL_EXT_texture_sRGB GL_EXT_texture_sRGB_R8 GL_EXT_texture_sRGB_decode GL_EXT_texture_shadow_lod GL_EXT_texture_share
d_exponent GL_EXT_texture_snorm GL_EXT_texture_swizzle GL_EXT_timer_query GL_EXT_transform_feedback GL_EXT_vertex_array_bgra GL_EXT_vertex_attrib_64bit GL_IBM_multimode_draw_arrays GL_INTEL_blackhole_render GL_INTEL_conservative_rasterization GL_INTEL_performance_query GL_INTEL_shader_atomic_float_minmax GL_INTEL_shader_integer_functions2 GL_KHR_blend_equation_advanced GL_KHR_blend_equation_advanced_coherent GL_KHR_context_flush_control GL_KHR_debug GL_KHR_no_error GL_KHR_parallel_shader_compile GL_KHR_robust_buffer_access_behavior GL_KHR_robustness GL_KHR_texture_compression_astc_ldr GL_KHR_texture_compression_astc_sliced_3d GL_MESA_framebuffer_flip_y GL_MESA_pack_invert GL_MESA_shader_integer_functions GL_MESA_texture_signed_rgba GL_NV_alpha_to_coverage_dither_control GL_NV_compute_shader_derivatives GL_NV_conditional_render GL_NV_copy_image GL_NV_depth_clamp GL_NV_fragment_shader_interlock GL_NV_packed_depth_stencil GL_NV_texture_barrier GL_OES_EGL_image GL_S3_s3tc
OPENGL LOG: Creating OpenGL 4.6 graphics device ; Context level  <OpenGL 4.5> ; Context handle -1025228352
Initialize mono
Mono path[0] = '/home/juanmi/Unity/Hub/Editor/2022.3.18f1/Editor/Data/Managed'
Mono path[1] = '/home/juanmi/Unity/Hub/Editor/2022.3.18f1/Editor/Data/MonoBleedingEdge/lib/mono/unityjit-linux'
Mono config path = '/home/juanmi/Unity/Hub/Editor/2022.3.18f1/Editor/Data/MonoBleedingEdge/etc'
Using monoOptions --debugger-agent=transport=dt_socket,embedding=1,server=y,suspend=n,address=127.0.0.1:56706
Begin MonoManager ReloadAssembly
Registering precompiled unity dll's ...
Register platform support module: /home/juanmi/Unity/Hub/Editor/2022.3.18f1/Editor/Data/PlaybackEngines/LinuxStandaloneSupport/UnityEditor.LinuxStandalone.Extensions.dll
Registered in 0,007012 seconds.
- Loaded All Assemblies, in  0,544 seconds
Native extension for LinuxStandalone target not found
Mono: successfully reloaded assembly
- Finished resetting the current domain, in  0,527 seconds
Domain Reload Profiling: 1071ms
	BeginReloadAssembly (104ms)
		ExecutionOrderSort (0ms)
		DisableScriptedObjects (0ms)
		BackupInstance (0ms)
		ReleaseScriptingObjects (0ms)
		CreateAndSetChildDomain (1ms)
	RebuildCommonClasses (62ms)
	RebuildNativeTypeToScriptingClass (10ms)
	initialDomainReloadingComplete (104ms)
	LoadAllAssembliesAndSetupDomain (263ms)
		LoadAssemblies (104ms)
		RebuildTransferFunctionScriptingTraits (0ms)
		AnalyzeDomain (262ms)
			TypeCache.Refresh (259ms)
				TypeCache.ScanAssembly (237ms)
			ScanForSourceGeneratedMonoScriptInfo (1ms)
			ResolveRequiredComponents (1ms)
	FinalizeReload (528ms)
		ReleaseScriptCaches (0ms)
		RebuildScriptCaches (0ms)
		SetupLoadedEditorAssemblies (406ms)
			LogAssemblyErrors (0ms)
			InitializePlatformSupportModulesInManaged (17ms)
			SetLoadedEditorAssemblies (14ms)
			RefreshPlugins (0ms)
			BeforeProcessingInitializeOnLoad (4ms)
			ProcessInitializeOnLoadAttributes (275ms)
			ProcessInitializeOnLoadMethodAttributes (95ms)
			AfterProcessingInitializeOnLoad (0ms)
			EditorAssembliesLoaded (0ms)
		ExecutionOrderSort2 (0ms)
		AwakeInstancesAfterBackupRestoration (0ms)
========================================================================
Worker process is ready to serve import requests
Begin MonoManager ReloadAssembly
- Loaded All Assemblies, in  1,099 seconds
Refreshing native plugins compatible for Editor in 3,24 ms, found 0 plugins.
Native extension for LinuxStandalone target not found
Package Manager log level set to [2]
[Package Manager] Server::EnsureServerProcessIsRunning -- launch failed, reason: Unity was launched with the -noUpm command-line argument
[Package Manager] UpmClient::Send -- Unable to send message (not connected to UPM process).
[Package Manager] Cannot connect to Unity Package Manager local server
Mono: successfully reloaded assembly
- Finished resetting the current domain, in  0,922 seconds
Domain Reload Profiling: 2021ms
	BeginReloadAssembly (208ms)
		ExecutionOrderSort (0ms)
		DisableScriptedObjects (9ms)
		BackupInstance (0ms)
		ReleaseScriptingObjects (0ms)
		CreateAndSetChildDomain (42ms)
	RebuildCommonClasses (77ms)
	RebuildNativeTypeToScriptingClass (15ms)
	initialDomainReloadingComplete (88ms)
	LoadAllAssembliesAndSetupDomain (710ms)
		LoadAssemblies (490ms)
		RebuildTransferFunctionScriptingTraits (0ms)
		AnalyzeDomain (319ms)
			TypeCache.Refresh (290ms)
				TypeCache.ScanAssembly (264ms)
			ScanForSourceGeneratedMonoScriptInfo (22ms)
			ResolveRequiredComponents (6ms)
	FinalizeReload (923ms)
		ReleaseScriptCaches (0ms)
		RebuildScriptCaches (0ms)
		SetupLoadedEditorAssemblies (632ms)
			LogAssemblyErrors (0ms)
			InitializePlatformSupportModulesInManaged (10ms)
			SetLoadedEditorAssemblies (8ms)
			RefreshPlugins (0ms)
			BeforeProcessingInitializeOnLoad (91ms)
			ProcessInitializeOnLoadAttributes (497ms)
			ProcessInitializeOnLoadMethodAttributes (22ms)
			AfterProcessingInitializeOnLoad (3ms)
			EditorAssembliesLoaded (0ms)
		ExecutionOrderSort2 (0ms)
		AwakeInstancesAfterBackupRestoration (4ms)
Launched and connected shader compiler UnityShaderCompiler after 0.02 seconds
Refreshing native plugins compatible for Editor in 2,01 ms, found 0 plugins.
Preloading 0 native plugins for Editor in 0,00 ms.
Unloading 3150 Unused Serialized files (Serialized files now loaded: 0)
Unloading 32 unused Assets / (30,2 KB). Loaded Objects now: 3634.
Memory consumption went from 137,6 MB to 137,5 MB.
Total: 5,577262 ms (FindLiveObjects: 0,327913 ms CreateObjectMapping: 0,289094 ms MarkObjects: 4,692033 ms  DeleteObjects: 0,265952 ms)

AssetImportParameters requested are different than current active one (requested -> active):
  custom:container-demuxer-ogg: 62fdf1f143b41e24485cea50d1cbac27 -> 
  custom:video-decoder-ogg-theora: a1e56fd34408186e4bbccfd4996cb3dc -> 
  custom:CustomObjectIndexerAttribute: efbeaf2078ee4010e9a0b7bd6667f9dd -> 
  custom:container-demuxer-webm: 4f35f7cbe854078d1ac9338744f61a02 -> 
  custom:container-muxer-webm: aa71ff27fc2769a1b78a27578f13a17b -> 
  custom:video-decoder-webm-vp8: 9c59270c3fd7afecdb556c50c9e8de78 -> 
  custom:SearchIndexIgnoredProperties: e643bd26f0fe6173181afceb89e7c659 -> 
  custom:AudioImporter_EditorPlatform: 2f0ff77a95e0ac474e3e8eeba4e2f7cb -> 
  custom:video-encoder-webm-vp8: eb34c28f22e8b96e1ab97ce403110664 -> 
  custom:audio-decoder-ogg-vorbis: bf7c407c2cedff20999df2af8eb42d56 -> 
  custom:audio-encoder-webm-vorbis: bf7c407c2cedff20999df2af8eb42d56 -> 
========================================================================
Received Import Request.
  Time since last request: 17735,823907 seconds.
  path: Assets/ScritableObjects/Edward  Kenway .prefab
  artifactKey: Guid(9890e77b27a8004e2b3e7b0ca14a0277) Importer(815301076,1909f56bfc062723c751e8b465ee728b)
Start importing Assets/ScritableObjects/Edward  Kenway .prefab using Guid(9890e77b27a8004e2b3e7b0ca14a0277) Importer(815301076,1909f56bfc062723c751e8b465ee728b)  -> (artifact id: '5e166d31b2430102b34a0ecce70ea0eb') in 0,180085 seconds
Number of updated asset objects reloaded before import = 0
Number of asset objects unloaded after import = 14
========================================================================
Received Import Request.
  Time since last request: 0,000051 seconds.
  path: Assets/ScritableObjects/Altair 1.prefab
  artifactKey: Guid(e18a864f2918c6c15b5cfce0c3401a53) Importer(815301076,1909f56bfc062723c751e8b465ee728b)
Start importing Assets/ScritableObjects/Altair 1.prefab using Guid(e18a864f2918c6c15b5cfce0c3401a53) Importer(815301076,1909f56bfc062723c751e8b465ee728b)  -> (artifact id: '76246f28361eef494707821804bd153b') in 0,021050 seconds
Number of updated asset objects reloaded before import = 0
Number of asset objects unloaded after import = 10
========================================================================
Received Import Request.
  Time since last request: 0,000021 seconds.
  path: Assets/ScritableObjects/Ezio Auditore 1.prefab
  artifactKey: Guid(0b6ff54b6248e4d32a89fc0d0d6ba7b8) Importer(815301076,1909f56bfc062723c751e8b465ee728b)
Start importing Assets/ScritableObjects/Ezio Auditore 1.prefab using Guid(0b6ff54b6248e4d32a89fc0d0d6ba7b8) Importer(815301076,1909f56bfc062723c751e8b465ee728b)  -> (artifact id: '9409f4770ea26e82b4b0cbc38d7c4c3e') in 0,023942 seconds
Number of updated asset objects reloaded before import = 0
Number of asset objects unloaded after import = 21
========================================================================
Received Import Request.
  Time since last request: 0,000018 seconds.
  path: Assets/ScritableObjects/Arno Dorian .prefab
  artifactKey: Guid(323c62282d80f92b1a0b4f995deea4db) Importer(815301076,1909f56bfc062723c751e8b465ee728b)
Start importing Assets/ScritableObjects/Arno Dorian .prefab using Guid(323c62282d80f92b1a0b4f995deea4db) Importer(815301076,1909f56bfc062723c751e8b465ee728b)  -> (artifact id: '6da2473281e3e8d523b09e7aa3df8f17') in 0,025886 seconds
Number of updated asset objects reloaded before import = 0
Number of asset objects unloaded after import = 21
========================================================================
Received Import Request.
  Time since last request: 0,000019 seconds.
  path: Assets/ScritableObjects/Alexios.prefab
  artifactKey: Guid(cc6721ea38b070307b75911da2472856) Importer(815301076,1909f56bfc062723c751e8b465ee728b)
Start importing Assets/ScritableObjects/Alexios.prefab using Guid(cc6721ea38b070307b75911da2472856) Importer(815301076,1909f56bfc062723c751e8b465ee728b)  -> (artifact id: '0b7161f1f3a77974863c0d25fe3f5d7f') in 0,018914 seconds
Number of updated asset objects reloaded before import = 0
Number of asset objects unloaded after import = 14
========================================================================
Received Import Request.
  Time since last request: 0,000017 seconds.
  path: Assets/ScritableObjects/Sunshine .prefab
  artifactKey: Guid(74182b9abf3bf1782a54d2625480bdbb) Importer(815301076,1909f56bfc062723c751e8b465ee728b)
Start importing Assets/ScritableObjects/Sunshine .prefab using Guid(74182b9abf3bf1782a54d2625480bdbb) Importer(815301076,1909f56bfc062723c751e8b465ee728b)  -> (artifact id: '235009a0192a999c0982056b7eca3100') in 0,020944 seconds
Number of updated asset objects reloaded before import = 0
Number of asset objects unloaded after import = 15
========================================================================
Received Import Request.
  Time since last request: 0,000021 seconds.
  path: Assets/ScritableObjects/Jacob Frye.prefab
  artifactKey: Guid(a0829353882916695885227433c40e09) Importer(815301076,1909f56bfc062723c751e8b465ee728b)
Start importing Assets/ScritableObjects/Jacob Frye.prefab using Guid(a0829353882916695885227433c40e09) Importer(815301076,1909f56bfc062723c751e8b465ee728b)  -> (artifact id: 'ccedafa3ea34c64932ae7c5408be682e') in 0,022615 seconds
Number of updated asset objects reloaded before import = 0
Number of asset objects unloaded after import = 14
========================================================================
Received Import Request.
  Time since last request: 0,000018 seconds.
  path: Assets/ScritableObjects/Good Time.prefab
  artifactKey: Guid(8caedcb4635783b29970ca37f6fdc7ae) Importer(815301076,1909f56bfc062723c751e8b465ee728b)
Start importing Assets/ScritableObjects/Good Time.prefab using Guid(8caedcb4635783b29970ca37f6fdc7ae) Importer(815301076,1909f56bfc062723c751e8b465ee728b)  -> (artifact id: 'e689ff998e5390218158d825526893b9') in 0,021307 seconds
Number of updated asset objects reloaded before import = 0
Number of asset objects unloaded after import = 15
========================================================================
Received Import Request.
  Time since last request: 0,000023 seconds.
  path: Assets/ScritableObjects/Connor Kenway.prefab
  artifactKey: Guid(c16b824907bf02283abaee331720a0f6) Importer(815301076,1909f56bfc062723c751e8b465ee728b)
Start importing Assets/ScritableObjects/Connor Kenway.prefab using Guid(c16b824907bf02283abaee331720a0f6) Importer(815301076,1909f56bfc062723c751e8b465ee728b)  -> (artifact id: 'f248dee7b45c03ed1c5dc3eec050e4dc') in 0,021333 seconds
Number of updated asset objects reloaded before import = 0
Number of asset objects unloaded after import = 14
========================================================================
Received Import Request.
  Time since last request: 0,000024 seconds.
  path: Assets/ScritableObjects/Crawford Starrick.prefab
  artifactKey: Guid(3eef6aac02528f5da9d3c8f82b3767e5) Importer(815301076,1909f56bfc062723c751e8b465ee728b)
Start importing Assets/ScritableObjects/Crawford Starrick.prefab using Guid(3eef6aac02528f5da9d3c8f82b3767e5) Importer(815301076,1909f56bfc062723c751e8b465ee728b)  -> (artifact id: '3deb9243133c115297f098a967935f39') in 0,018115 seconds
Number of updated asset objects reloaded before import = 0
Number of asset objects unloaded after import = 14
========================================================================
Received Import Request.
  Time since last request: 0,000061 seconds.
  path: Assets/ScritableObjects/Assassin Comun.prefab
  artifactKey: Guid(9cfd0346896709bc68b4e7436e593ed2) Importer(815301076,1909f56bfc062723c751e8b465ee728b)
Start importing Assets/ScritableObjects/Assassin Comun.prefab using Guid(9cfd0346896709bc68b4e7436e593ed2) Importer(815301076,1909f56bfc062723c751e8b465ee728b)  -> (artifact id: 'f3f5b03c4ed3d132d1b8645723f5148b') in 0,018817 seconds
Number of updated asset objects reloaded before import = 0
Number of asset objects unloaded after import = 14
========================================================================
Received Import Request.
  Time since last request: 0,000039 seconds.
  path: Assets/ScritableObjects/Bayek de Siwa 1.prefab
  artifactKey: Guid(07bdf6fc0dfc299fdad32b25a6d307b6) Importer(815301076,1909f56bfc062723c751e8b465ee728b)
Start importing Assets/ScritableObjects/Bayek de Siwa 1.prefab using Guid(07bdf6fc0dfc299fdad32b25a6d307b6) Importer(815301076,1909f56bfc062723c751e8b465ee728b)  -> (artifact id: '475927f2fbe0b5093a92f11476db71f6') in 0,027637 seconds
Number of updated asset objects reloaded before import = 0
Number of asset objects unloaded after import = 14
========================================================================
Received Import Request.
  Time since last request: 0,000017 seconds.
  path: Assets/ScritableObjects/Al Mualim 1.prefab
  artifactKey: Guid(5419f5672d8b4fef8a824fbc8b8de6d6) Importer(815301076,1909f56bfc062723c751e8b465ee728b)
Start importing Assets/ScritableObjects/Al Mualim 1.prefab using Guid(5419f5672d8b4fef8a824fbc8b8de6d6) Importer(815301076,1909f56bfc062723c751e8b465ee728b)  -> (artifact id: 'd576a928fabba382f94409b03d89750d') in 0,013179 seconds
Number of updated asset objects reloaded before import = 0
Number of asset objects unloaded after import = 10
========================================================================
Received Import Request.
  Time since last request: 0,000016 seconds.
  path: Assets/ScritableObjects/Hot from Sahara.prefab
  artifactKey: Guid(481878db6f102c5d2b603403bbaf062d) Importer(815301076,1909f56bfc062723c751e8b465ee728b)
Start importing Assets/ScritableObjects/Hot from Sahara.prefab using Guid(481878db6f102c5d2b603403bbaf062d) Importer(815301076,1909f56bfc062723c751e8b465ee728b)  -> (artifact id: '3356378acf671ad4f95f9036442aaa05') in 0,022722 seconds
Number of updated asset objects reloaded before import = 0
Number of asset objects unloaded after import = 14
========================================================================
Received Import Request.
  Time since last request: 0,000025 seconds.
  path: Assets/ScritableObjects/Laureano de Torres.prefab
  artifactKey: Guid(bd1f67191c41ff551a98c593f7570f4a) Importer(815301076,1909f56bfc062723c751e8b465ee728b)
Start importing Assets/ScritableObjects/Laureano de Torres.prefab using Guid(bd1f67191c41ff551a98c593f7570f4a) Importer(815301076,1909f56bfc062723c751e8b465ee728b)  -> (artifact id: '28111b6d6164bdd8084631d20e841e22') in 0,021703 seconds
Number of updated asset objects reloaded before import = 0
Number of asset objects unloaded after import = 14
========================================================================
Received Import Request.
  Time since last request: 0,000030 seconds.
  path: Assets/ScritableObjects/Rain.prefab
  artifactKey: Guid(f3e27629335831b94a03b96854621434) Importer(815301076,1909f56bfc062723c751e8b465ee728b)
Start importing Assets/ScritableObjects/Rain.prefab using Guid(f3e27629335831b94a03b96854621434) Importer(815301076,1909f56bfc062723c751e8b465ee728b)  -> (artifact id: '2a1950d4a047ab5cee0fcca9fb7a2723') in 0,023462 seconds
Number of updated asset objects reloaded before import = 0
Number of asset objects unloaded after import = 14
========================================================================
Received Import Request.
  Time since last request: 0,000052 seconds.
  path: Assets/ScritableObjects/Connor Kenway .prefab
  artifactKey: Guid(f2782587bc29470bcad5885efea63b63) Importer(815301076,1909f56bfc062723c751e8b465ee728b)
Start importing Assets/ScritableObjects/Connor Kenway .prefab using Guid(f2782587bc29470bcad5885efea63b63) Importer(815301076,1909f56bfc062723c751e8b465ee728b)  -> (artifact id: '0351ecd0b0a5bebc9c1535cf1629dcf4') in 0,020469 seconds
Number of updated asset objects reloaded before import = 0
Number of asset objects unloaded after import = 14
========================================================================
Received Import Request.
  Time since last request: 0,000022 seconds.
  path: Assets/ScritableObjects/No Air.prefab
  artifactKey: Guid(33bcfaf82e42fb625ad083db2edb7a5d) Importer(815301076,1909f56bfc062723c751e8b465ee728b)
Start importing Assets/ScritableObjects/No Air.prefab using Guid(33bcfaf82e42fb625ad083db2edb7a5d) Importer(815301076,1909f56bfc062723c751e8b465ee728b)  -> (artifact id: 'a85dc7224c11ceb73bbbb72bb5bed3d3') in 0,025031 seconds
Number of updated asset objects reloaded before import = 0
Number of asset objects unloaded after import = 16
========================================================================
Received Import Request.
  Time since last request: 0,000025 seconds.
  path: Assets/ScritableObjects/Sunshine.prefab
  artifactKey: Guid(ce116e4ff6e353586b103eeda6033697) Importer(815301076,1909f56bfc062723c751e8b465ee728b)
Start importing Assets/ScritableObjects/Sunshine.prefab using Guid(ce116e4ff6e353586b103eeda6033697) Importer(815301076,1909f56bfc062723c751e8b465ee728b)  -> (artifact id: 'cc4a175251d2aa211c762df8ab9396e0') in 0,018478 seconds
Number of updated asset objects reloaded before import = 0
Number of asset objects unloaded after import = 15
========================================================================
Received Import Request.
  Time since last request: 0,000046 seconds.
  path: Assets/ScritableObjects/TemplarComun.prefab
  artifactKey: Guid(43e0a72876ab7824aa3e23ac77ea38cf) Importer(815301076,1909f56bfc062723c751e8b465ee728b)
Start importing Assets/ScritableObjects/TemplarComun.prefab using Guid(43e0a72876ab7824aa3e23ac77ea38cf) Importer(815301076,1909f56bfc062723c751e8b465ee728b)  -> (artifact id: 'd8ef030845b8739c98bcd1a4b56997f7') in 0,019209 seconds
Number of updated asset objects reloaded before import = 0
Number of asset objects unloaded after import = 14
========================================================================
Received Import Request.
  Time since last request: 0,000033 seconds.
  path: Assets/ScritableObjects/Air from Eden.prefab
  artifactKey: Guid(52a3489515e38bf039a154c5dadbd6aa) Importer(815301076,1909f56bfc062723c751e8b465ee728b)
Start importing Assets/ScritableObjects/Air from Eden.prefab using Guid(52a3489515e38bf039a154c5dadbd6aa) Importer(815301076,1909f56bfc062723c751e8b465ee728b)  -> (artifact id: 'e0cab354b388731188318e729918bfb7') in 0,019432 seconds
Number of updated asset objects reloaded before import = 0
Number of asset objects unloaded after import = 14
========================================================================
Received Import Request.
  Time since last request: 0,000018 seconds.
  path: Assets/ScritableObjects/Charles Lee.prefab
  artifactKey: Guid(d34a6a60734bca520961ee3f6e41d233) Importer(815301076,1909f56bfc062723c751e8b465ee728b)
Start importing Assets/ScritableObjects/Charles Lee.prefab using Guid(d34a6a60734bca520961ee3f6e41d233) Importer(815301076,1909f56bfc062723c751e8b465ee728b)  -> (artifact id: 'c38b19f1866b2512a871cb8db351f607') in 0,019314 seconds
Number of updated asset objects reloaded before import = 0
Number of asset objects unloaded after import = 14
========================================================================
Received Import Request.
  Time since last request: 0,000020 seconds.
  path: Assets/ScritableObjects/Shay Cormac.prefab
  artifactKey: Guid(60b5a6a56abd930b08231617d495d622) Importer(815301076,1909f56bfc062723c751e8b465ee728b)
Start importing Assets/ScritableObjects/Shay Cormac.prefab using Guid(60b5a6a56abd930b08231617d495d622) Importer(815301076,1909f56bfc062723c751e8b465ee728b)  -> (artifact id: '16a880016a4d3966cabade655e7af41b') in 0,019367 seconds
Number of updated asset objects reloaded before import = 0
Number of asset objects unloaded after import = 14
========================================================================
Received Import Request.
  Time since last request: 0,000026 seconds.
  path: Assets/ScritableObjects/Haytham Kenway.prefab
  artifactKey: Guid(08684ca38b79861e68bbb0516ff44661) Importer(815301076,1909f56bfc062723c751e8b465ee728b)
Start importing Assets/ScritableObjects/Haytham Kenway.prefab using Guid(08684ca38b79861e68bbb0516ff44661) Importer(815301076,1909f56bfc062723c751e8b465ee728b)  -> (artifact id: '18fc017760e9e1a40b489b6f841018c5') in 0,020564 seconds
Number of updated asset objects reloaded before import = 0
Number of asset objects unloaded after import = 14
========================================================================
Received Import Request.
  Time since last request: 0,000025 seconds.
  path: Assets/ScritableObjects/Thomas Germain.prefab
  artifactKey: Guid(c4ac89951bb5d2f6999ac3ac9720db73) Importer(815301076,1909f56bfc062723c751e8b465ee728b)
Start importing Assets/ScritableObjects/Thomas Germain.prefab using Guid(c4ac89951bb5d2f6999ac3ac9720db73) Importer(815301076,1909f56bfc062723c751e8b465ee728b)  -> (artifact id: 'd9f943dffab8a58c403572bc5454c950') in 0,019203 seconds
Number of updated asset objects reloaded before import = 0
Number of asset objects unloaded after import = 14
========================================================================
Received Import Request.
  Time since last request: 0,000023 seconds.
  path: Assets/ScritableObjects/Elise de la Serre.prefab
  artifactKey: Guid(08c0e86a3b86e30e7aa37ac46420b878) Importer(815301076,1909f56bfc062723c751e8b465ee728b)
Start importing Assets/ScritableObjects/Elise de la Serre.prefab using Guid(08c0e86a3b86e30e7aa37ac46420b878) Importer(815301076,1909f56bfc062723c751e8b465ee728b)  -> (artifact id: 'cab6af3a8f99bb24561f8ed12ac26ca2') in 0,020816 seconds
Number of updated asset objects reloaded before import = 0
Number of asset objects unloaded after import = 14
========================================================================
Received Prepare
Begin MonoManager ReloadAssembly
- Loaded All Assemblies, in  0,482 seconds
Refreshing native plugins compatible for Editor in 2,11 ms, found 0 plugins.
Native extension for LinuxStandalone target not found
[Package Manager] Server::EnsureServerProcessIsRunning -- launch failed, reason: Unity was launched with the -noUpm command-line argument
[Package Manager] UpmClient::Send -- Unable to send message (not connected to UPM process).
[Package Manager] Cannot connect to Unity Package Manager local server
Mono: successfully reloaded assembly
- Finished resetting the current domain, in  1,086 seconds
Domain Reload Profiling: 1568ms
	BeginReloadAssembly (150ms)
		ExecutionOrderSort (0ms)
		DisableScriptedObjects (7ms)
		BackupInstance (0ms)
		ReleaseScriptingObjects (0ms)
		CreateAndSetChildDomain (36ms)
	RebuildCommonClasses (52ms)
	RebuildNativeTypeToScriptingClass (13ms)
	initialDomainReloadingComplete (40ms)
	LoadAllAssembliesAndSetupDomain (226ms)
		LoadAssemblies (279ms)
		RebuildTransferFunctionScriptingTraits (0ms)
		AnalyzeDomain (15ms)
			TypeCache.Refresh (6ms)
				TypeCache.ScanAssembly (0ms)
			ScanForSourceGeneratedMonoScriptInfo (0ms)
			ResolveRequiredComponents (7ms)
	FinalizeReload (1087ms)
		ReleaseScriptCaches (0ms)
		RebuildScriptCaches (0ms)
		SetupLoadedEditorAssemblies (620ms)
			LogAssemblyErrors (0ms)
			InitializePlatformSupportModulesInManaged (9ms)
			SetLoadedEditorAssemblies (5ms)
			RefreshPlugins (0ms)
			BeforeProcessingInitializeOnLoad (62ms)
			ProcessInitializeOnLoadAttributes (510ms)
			ProcessInitializeOnLoadMethodAttributes (28ms)
			AfterProcessingInitializeOnLoad (6ms)
			EditorAssembliesLoaded (0ms)
		ExecutionOrderSort2 (0ms)
		AwakeInstancesAfterBackupRestoration (6ms)
Refreshing native plugins compatible for Editor in 1,38 ms, found 0 plugins.
Preloading 0 native plugins for Editor in 0,00 ms.
Unloading 3129 Unused Serialized files (Serialized files now loaded: 0)
Unloading 24 unused Assets / (31,5 KB). Loaded Objects now: 3645.
Memory consumption went from 137,4 MB to 137,4 MB.
Total: 4,694155 ms (FindLiveObjects: 0,316718 ms CreateObjectMapping: 0,248732 ms MarkObjects: 4,045059 ms  DeleteObjects: 0,081641 ms)

Prepare: number of updated asset objects reloaded= 0
AssetImportParameters requested are different than current active one (requested -> active):
  custom:container-demuxer-ogg: 62fdf1f143b41e24485cea50d1cbac27 -> 
  custom:video-decoder-ogg-theora: a1e56fd34408186e4bbccfd4996cb3dc -> 
  custom:CustomObjectIndexerAttribute: efbeaf2078ee4010e9a0b7bd6667f9dd -> 
  custom:container-demuxer-webm: 4f35f7cbe854078d1ac9338744f61a02 -> 
  custom:container-muxer-webm: aa71ff27fc2769a1b78a27578f13a17b -> 
  custom:video-decoder-webm-vp8: 9c59270c3fd7afecdb556c50c9e8de78 -> 
  custom:SearchIndexIgnoredProperties: e643bd26f0fe6173181afceb89e7c659 -> 
  custom:AudioImporter_EditorPlatform: 2f0ff77a95e0ac474e3e8eeba4e2f7cb -> 
  custom:video-encoder-webm-vp8: eb34c28f22e8b96e1ab97ce403110664 -> 
  custom:audio-decoder-ogg-vorbis: bf7c407c2cedff20999df2af8eb42d56 -> 
  custom:audio-encoder-webm-vorbis: bf7c407c2cedff20999df2af8eb42d56 -> 
========================================================================
Received Prepare
Begin MonoManager ReloadAssembly
- Loaded All Assemblies, in  0,451 seconds
Refreshing native plugins compatible for Editor in 1,19 ms, found 0 plugins.
Native extension for LinuxStandalone target not found
[Package Manager] Server::EnsureServerProcessIsRunning -- launch failed, reason: Unity was launched with the -noUpm command-line argument
[Package Manager] UpmClient::Send -- Unable to send message (not connected to UPM process).
[Package Manager] Cannot connect to Unity Package Manager local server
Mono: successfully reloaded assembly
- Finished resetting the current domain, in  1,013 seconds
Domain Reload Profiling: 1465ms
	BeginReloadAssembly (131ms)
		ExecutionOrderSort (0ms)
		DisableScriptedObjects (5ms)
		BackupInstance (0ms)
		ReleaseScriptingObjects (0ms)
		CreateAndSetChildDomain (37ms)
	RebuildCommonClasses (56ms)
	RebuildNativeTypeToScriptingClass (13ms)
	initialDomainReloadingComplete (37ms)
	LoadAllAssembliesAndSetupDomain (213ms)
		LoadAssemblies (256ms)
		RebuildTransferFunctionScriptingTraits (0ms)
		AnalyzeDomain (15ms)
			TypeCache.Refresh (6ms)
				TypeCache.ScanAssembly (0ms)
			ScanForSourceGeneratedMonoScriptInfo (0ms)
			ResolveRequiredComponents (7ms)
	FinalizeReload (1014ms)
		ReleaseScriptCaches (0ms)
		RebuildScriptCaches (0ms)
		SetupLoadedEditorAssemblies (613ms)
			LogAssemblyErrors (0ms)
			InitializePlatformSupportModulesInManaged (9ms)
			SetLoadedEditorAssemblies (5ms)
			RefreshPlugins (0ms)
			BeforeProcessingInitializeOnLoad (64ms)
			ProcessInitializeOnLoadAttributes (497ms)
			ProcessInitializeOnLoadMethodAttributes (33ms)
			AfterProcessingInitializeOnLoad (5ms)
			EditorAssembliesLoaded (0ms)
		ExecutionOrderSort2 (0ms)
		AwakeInstancesAfterBackupRestoration (8ms)
Refreshing native plugins compatible for Editor in 2,29 ms, found 0 plugins.
Preloading 0 native plugins for Editor in 0,00 ms.
Unloading 3130 Unused Serialized files (Serialized files now loaded: 0)
Unloading 24 unused Assets / (31,6 KB). Loaded Objects now: 3648.
Memory consumption went from 139,6 MB to 139,5 MB.
Total: 3,890696 ms (FindLiveObjects: 0,294224 ms CreateObjectMapping: 0,186565 ms MarkObjects: 3,334919 ms  DeleteObjects: 0,072811 ms)

Prepare: number of updated asset objects reloaded= 0
AssetImportParameters requested are different than current active one (requested -> active):
  custom:container-demuxer-ogg: 62fdf1f143b41e24485cea50d1cbac27 -> 
  custom:video-decoder-ogg-theora: a1e56fd34408186e4bbccfd4996cb3dc -> 
  custom:CustomObjectIndexerAttribute: efbeaf2078ee4010e9a0b7bd6667f9dd -> 
  custom:container-demuxer-webm: 4f35f7cbe854078d1ac9338744f61a02 -> 
  custom:container-muxer-webm: aa71ff27fc2769a1b78a27578f13a17b -> 
  custom:video-decoder-webm-vp8: 9c59270c3fd7afecdb556c50c9e8de78 -> 
  custom:SearchIndexIgnoredProperties: e643bd26f0fe6173181afceb89e7c659 -> 
  custom:AudioImporter_EditorPlatform: 2f0ff77a95e0ac474e3e8eeba4e2f7cb -> 
  custom:video-encoder-webm-vp8: eb34c28f22e8b96e1ab97ce403110664 -> 
  custom:audio-decoder-ogg-vorbis: bf7c407c2cedff20999df2af8eb42d56 -> 
  custom:audio-encoder-webm-vorbis: bf7c407c2cedff20999df2af8eb42d56 -> 
========================================================================
Received Prepare
Begin MonoManager ReloadAssembly
- Loaded All Assemblies, in  0,506 seconds
Refreshing native plugins compatible for Editor in 2,03 ms, found 0 plugins.
Native extension for LinuxStandalone target not found
[Package Manager] Server::EnsureServerProcessIsRunning -- launch failed, reason: Unity was launched with the -noUpm command-line argument
[Package Manager] UpmClient::Send -- Unable to send message (not connected to UPM process).
[Package Manager] Cannot connect to Unity Package Manager local server
Mono: successfully reloaded assembly
- Finished resetting the current domain, in  0,930 seconds
Domain Reload Profiling: 1436ms
	BeginReloadAssembly (149ms)
		ExecutionOrderSort (0ms)
		DisableScriptedObjects (9ms)
		BackupInstance (0ms)
		ReleaseScriptingObjects (0ms)
		CreateAndSetChildDomain (34ms)
	RebuildCommonClasses (61ms)
	RebuildNativeTypeToScriptingClass (14ms)
	initialDomainReloadingComplete (41ms)
	LoadAllAssembliesAndSetupDomain (240ms)
		LoadAssemblies (290ms)
		RebuildTransferFunctionScriptingTraits (0ms)
		AnalyzeDomain (17ms)
			TypeCache.Refresh (7ms)
				TypeCache.ScanAssembly (0ms)
			ScanForSourceGeneratedMonoScriptInfo (0ms)
			ResolveRequiredComponents (8ms)
	FinalizeReload (931ms)
		ReleaseScriptCaches (0ms)
		RebuildScriptCaches (0ms)
		SetupLoadedEditorAssemblies (478ms)
			LogAssemblyErrors (0ms)
			InitializePlatformSupportModulesInManaged (6ms)
			SetLoadedEditorAssemblies (3ms)
			RefreshPlugins (0ms)
			BeforeProcessingInitializeOnLoad (54ms)
			ProcessInitializeOnLoadAttributes (380ms)
			ProcessInitializeOnLoadMethodAttributes (28ms)
			AfterProcessingInitializeOnLoad (6ms)
			EditorAssembliesLoaded (0ms)
		ExecutionOrderSort2 (0ms)
		AwakeInstancesAfterBackupRestoration (7ms)
Refreshing native plugins compatible for Editor in 2,34 ms, found 0 plugins.
Preloading 0 native plugins for Editor in 0,00 ms.
Unloading 3130 Unused Serialized files (Serialized files now loaded: 0)
Unloading 24 unused Assets / (31,5 KB). Loaded Objects now: 3651.
Memory consumption went from 141,5 MB to 141,5 MB.
Total: 3,446243 ms (FindLiveObjects: 0,307083 ms CreateObjectMapping: 0,195414 ms MarkObjects: 2,888823 ms  DeleteObjects: 0,052532 ms)

Prepare: number of updated asset objects reloaded= 0
AssetImportParameters requested are different than current active one (requested -> active):
  custom:container-demuxer-ogg: 62fdf1f143b41e24485cea50d1cbac27 -> 
  custom:video-decoder-ogg-theora: a1e56fd34408186e4bbccfd4996cb3dc -> 
  custom:CustomObjectIndexerAttribute: efbeaf2078ee4010e9a0b7bd6667f9dd -> 
  custom:container-demuxer-webm: 4f35f7cbe854078d1ac9338744f61a02 -> 
  custom:container-muxer-webm: aa71ff27fc2769a1b78a27578f13a17b -> 
  custom:video-decoder-webm-vp8: 9c59270c3fd7afecdb556c50c9e8de78 -> 
  custom:SearchIndexIgnoredProperties: e643bd26f0fe6173181afceb89e7c659 -> 
  custom:AudioImporter_EditorPlatform: 2f0ff77a95e0ac474e3e8eeba4e2f7cb -> 
  custom:video-encoder-webm-vp8: eb34c28f22e8b96e1ab97ce403110664 -> 
  custom:audio-decoder-ogg-vorbis: bf7c407c2cedff20999df2af8eb42d56 -> 
  custom:audio-encoder-webm-vorbis: bf7c407c2cedff20999df2af8eb42d56 -> 
